Starting Nmap 7.93 ( https://nmap.org ) at 2023-03-08 04:39 CST
Nmap scan report for 10.129.147.185
Host is up (0.045s latency).
Not shown: 995 closed tcp ports (reset)
PORT    STATE SERVICE      VERSION
21/tcp  open  ftp          Microsoft ftpd
| ftp-anon: Anonymous FTP login allowed (FTP code 230)
| 02-02-19  11:18PM                 1024 .rnd
| 02-25-19  09:15PM       <DIR>          inetpub
| 07-16-16  08:18AM       <DIR>          PerfLogs
| 02-25-19  09:56PM       <DIR>          Program Files
| 02-02-19  11:28PM       <DIR>          Program Files (x86)
| 02-03-19  07:08AM       <DIR>          Users
|_02-25-19  10:49PM       <DIR>          Windows
| ftp-syst: 
|_  SYST: Windows_NT
80/tcp  open  http         Indy httpd 18.1.37.13946 (Paessler PRTG bandwidth monitor)
| http-title: Welcome | PRTG Network Monitor (NETMON)
|_Requested resource was /index.htm
|_http-server-header: PRTG/18.1.37.13946
|_http-trane-info: Problem with XML parsing of /evox/about
135/tcp open  msrpc        Microsoft Windows RPC
139/tcp open  netbios-ssn  Microsoft Windows netbios-ssn
445/tcp open  microsoft-ds Microsoft Windows Server 2008 R2 - 2012 microsoft-ds
Service Info: OSs: Windows, Windows Server 2008 R2 - 2012; CPE: cpe:/o:microsoft:windows

Host script results:
| smb2-time: 
|   date: 2023-03-08T10:39:31
|_  start_date: 2023-03-08T10:38:10
| smb-security-mode: 
|   account_used: guest
|   authentication_level: user
|   challenge_response: supported
|_  message_signing: disabled (dangerous, but default)
| smb2-security-mode: 
|   311: 
|_    Message signing enabled but not required

Service detection performed. Please report any incorrect results at https://nmap.org/submit/ .
Nmap done: 1 IP address (1 host up) scanned in 17.20 seconds
